{ "id": 2839659,
   "event_date": 1585188632094,
   "tour_value": 36.7382345208075,
   "id_driver": 5,
   "id_passenger": 99,
   "long" : 40.70966719353199,
   "lat" : 73.99976188373566}
              
{ "id": 7842555,
   "event_date": 1585188632197,
   "tour_value": 4.2855729558025075,
   "id_driver": 8,
   "id_passenger": 34,
   "long" : 40.71034099268913,
   "lat" : 73.99998262661695}
              
{ "id": 6336131,
   "event_date": 1585188632302,
   "tour_value": 89.42724035031613,
   "id_driver": 2,
   "id_passenger": 57,
   "long" : 40.7099794985056,
   "lat" : 74.00021358186007}
              
{ "id": 9481862,
   "event_date": 1585188632405,
   "tour_value": 85.56958184990256,
   "id_driver": 1,
   "id_passenger": 71,
   "long" : 40.710014273285864,
   "lat" : 74.0003627538085}
              
{ "id": 7115236,
   "event_date": 1585188632508,
   "tour_value": 33.63148199638112,
   "id_driver": 7,
   "id_passenger": 30,
   "long" : 40.7096519883275,
   "lat" : 73.99999440330267}
              
{ "id": 5880296,
   "event_date": 1585188632613,
   "tour_value": 47.95886402244872,
   "id_driver": 7,
   "id_passenger": 41,
   "long" : 40.71032624852658,
   "lat" : 73.9995102891326}
              
{ "id": 9056612,
   "event_date": 1585188632715,
   "tour_value": 74.17410214058394,
   "id_driver": 9,
   "id_passenger": 38,
   "long" : 40.71046564716101,
   "lat" : 73.99991139435768}
              
{ "id": 3235282,
   "event_date": 1585188632820,
   "tour_value": 2.6662782976195287,
   "id_driver": 4,
   "id_passenger": 50,
   "long" : 40.70982331979275,
   "lat" : 74.00045206868649}
              
{ "id": 5145087,
   "event_date": 1585188632924,
   "tour_value": 39.3831920458558,
   "id_driver": 5,
   "id_passenger": 55,
   "long" : 40.71004167103767,
   "lat" : 74.00021787250041}
              
{ "id": 8329711,
   "event_date": 1585188633027,
   "tour_value": 40.599914804395986,
   "id_driver": 4,
   "id_passenger": 31,
   "long" : 40.70973272567988,
   "lat" : 73.99951052069665}
              
{ "id": 5849415,
   "event_date": 1585188633131,
   "tour_value": 27.16939761861832,
   "id_driver": 8,
   "id_passenger": 60,
   "long" : 40.70955458933115,
   "lat" : 73.99977761304379}
              
{ "id": 9402146,
   "event_date": 1585188633237,
   "tour_value": 3.6370598943428756,
   "id_driver": 6,
   "id_passenger": 77,
   "long" : 40.709860837817196,
   "lat" : 74.0001627060771}
              
{ "id": 922605,
   "event_date": 1585188633340,
   "tour_value": 31.028537977571023,
   "id_driver": 1,
   "id_passenger": 92,
   "long" : 40.70959740304947,
   "lat" : 74.00049768054485}
              
{ "id": 4023265,
   "event_date": 1585188633445,
   "tour_value": 21.401792328913782,
   "id_driver": 0,
   "id_passenger": 25,
   "long" : 40.71031857776642,
   "lat" : 74.00034166586398}
              
{ "id": 2544245,
   "event_date": 1585188633549,
   "tour_value": 61.93738202789132,
   "id_driver": 3,
   "id_passenger": 66,
   "long" : 40.70994293648005,
   "lat" : 74.00000878995657}
              
{ "id": 2932662,
   "event_date": 1585188633652,
   "tour_value": 48.65214059031733,
   "id_driver": 5,
   "id_passenger": 1,
   "long" : 40.70987577235699,
   "lat" : 73.99955174565315}
              
{ "id": 2332800,
   "event_date": 1585188633754,
   "tour_value": 10.06379621468959,
   "id_driver": 2,
   "id_passenger": 64,
   "long" : 40.70985678243637,
   "lat" : 74.00031088769435}
              
{ "id": 3302748,
   "event_date": 1585188633859,
   "tour_value": 76.85514289814988,
   "id_driver": 3,
   "id_passenger": 66,
   "long" : 40.709766056895255,
   "lat" : 73.99982521343232}
              
{ "id": 2084538,
   "event_date": 1585188633962,
   "tour_value": 43.232486064271555,
   "id_driver": 4,
   "id_passenger": 4,
   "long" : 40.710117939531806,
   "lat" : 74.00013139945268}
              
{ "id": 1180670,
   "event_date": 1585188634067,
   "tour_value": 99.3039907626047,
   "id_driver": 1,
   "id_passenger": 23,
   "long" : 40.71042844545841,
   "lat" : 74.00025824284553}
              
{ "id": 7190891,
   "event_date": 1585188634170,
   "tour_value": 90.31937367140453,
   "id_driver": 2,
   "id_passenger": 7,
   "long" : 40.71017807263136,
   "lat" : 73.99968247008324}
              
{ "id": 6911764,
   "event_date": 1585188634274,
   "tour_value": 60.82398371484635,
   "id_driver": 2,
   "id_passenger": 29,
   "long" : 40.71009516781569,
   "lat" : 73.99958430945873}
              
{ "id": 3844386,
   "event_date": 1585188634378,
   "tour_value": 22.5230761025622,
   "id_driver": 6,
   "id_passenger": 32,
   "long" : 40.7102957097888,
   "lat" : 73.99970405519008}
              
{ "id": 4588895,
   "event_date": 1585188634480,
   "tour_value": 54.02416546322559,
   "id_driver": 1,
   "id_passenger": 10,
   "long" : 40.70972896021605,
   "lat" : 74.00028571611642}
              
{ "id": 6814341,
   "event_date": 1585188634585,
   "tour_value": 6.300705859499023,
   "id_driver": 3,
   "id_passenger": 0,
   "long" : 40.70979594856501,
   "lat" : 74.00047883045673}
              
{ "id": 8398732,
   "event_date": 1585188634689,
   "tour_value": 47.16742507139008,
   "id_driver": 7,
   "id_passenger": 32,
   "long" : 40.709534692943095,
   "lat" : 74.00003217303752}
              
{ "id": 9284029,
   "event_date": 1585188634793,
   "tour_value": 33.36412512479029,
   "id_driver": 2,
   "id_passenger": 13,
   "long" : 40.71027957212925,
   "lat" : 74.00047385245561}
              
{ "id": 9610862,
   "event_date": 1585188634897,
   "tour_value": 61.729354956594584,
   "id_driver": 9,
   "id_passenger": 70,
   "long" : 40.70987491595745,
   "lat" : 73.99955134302378}
              
{ "id": 5930757,
   "event_date": 1585188635000,
   "tour_value": 27.406548135040897,
   "id_driver": 2,
   "id_passenger": 70,
   "long" : 40.71000994563103,
   "lat" : 74.00045839738846}
              
{ "id": 4511708,
   "event_date": 1585188635105,
   "tour_value": 7.9585092187972055,
   "id_driver": 3,
   "id_passenger": 77,
   "long" : 40.70970834714174,
   "lat" : 74.00027161628007}
              
{ "id": 7568730,
   "event_date": 1585188635209,
   "tour_value": 18.250034406133665,
   "id_driver": 6,
   "id_passenger": 58,
   "long" : 40.71038561499119,
   "lat" : 74.00015745925903}
              
{ "id": 4067506,
   "event_date": 1585188635314,
   "tour_value": 36.28886070302209,
   "id_driver": 9,
   "id_passenger": 81,
   "long" : 40.70974316632748,
   "lat" : 74.0004830852151}
              
{ "id": 5808582,
   "event_date": 1585188635418,
   "tour_value": 63.141240836294564,
   "id_driver": 9,
   "id_passenger": 69,
   "long" : 40.71032699227333,
   "lat" : 73.99950042527914}
              
{ "id": 7279339,
   "event_date": 1585188635522,
   "tour_value": 53.02705135058328,
   "id_driver": 0,
   "id_passenger": 96,
   "long" : 40.70999870216846,
   "lat" : 74.0001990929842}
              
{ "id": 7259470,
   "event_date": 1585188635627,
   "tour_value": 75.4332698494097,
   "id_driver": 8,
   "id_passenger": 55,
   "long" : 40.71020457172394,
   "lat" : 74.00032324510813}
              
{ "id": 9879396,
   "event_date": 1585188635732,
   "tour_value": 66.76889979891877,
   "id_driver": 2,
   "id_passenger": 77,
   "long" : 40.70984210729599,
   "lat" : 74.00008756345511}
              
{ "id": 2851715,
   "event_date": 1585188635836,
   "tour_value": 3.5195661245120635,
   "id_driver": 2,
   "id_passenger": 60,
   "long" : 40.710173351585865,
   "lat" : 74.000473146379}
              
{ "id": 6295861,
   "event_date": 1585188635942,
   "tour_value": 93.60422089021581,
   "id_driver": 4,
   "id_passenger": 81,
   "long" : 40.71030015385151,
   "lat" : 73.9996076809764}
              
{ "id": 835628,
   "event_date": 1585188636046,
   "tour_value": 40.46410814619118,
   "id_driver": 7,
   "id_passenger": 17,
   "long" : 40.71018498849869,
   "lat" : 73.99987514823675}
              
{ "id": 6493105,
   "event_date": 1585188636149,
   "tour_value": 25.147474057026542,
   "id_driver": 2,
   "id_passenger": 14,
   "long" : 40.71032649129629,
   "lat" : 74.00002185475826}